mkdir -p D1/D2/D3
cd D1
cd D2
touch file.txt
vi file.txt
ln file.txt hardlink.txt
ln -s file.txt softlink.txt
ls -ali
total 20
262225 drwxr-xr-x 3 eltex-pg1-v21 eltex-pg1-v21 4096 июл 10 22:15 .
262191 drwxr-xr-x 3 eltex-pg1-v21 eltex-pg1-v21 4096 июл 10 22:09 ..
262239 drwxr-xr-x 2 eltex-pg1-v21 eltex-pg1-v21 4096 июл 10 22:09 D3
262242 -rw-r--r-- 2 eltex-pg1-v21 eltex-pg1-v21   28 июл 10 22:10 file.txt
262242 -rw-r--r-- 2 eltex-pg1-v21 eltex-pg1-v21   28 июл 10 22:10 hardlink.txt
262238 lrwxrwxrwx 1 eltex-pg1-v21 eltex-pg1-v21    8 июл 10 22:15 softlink.txt -> file.txt
eltex-pg1-v21@eltex-2025-summer-22:16> cat file.txt
тестовый текст
eltex-pg1-v21@eltex-2025-summer-22:17> cat hardlink.txt
тестовый текст
eltex-pg1-v21@eltex-2025-summer-22:17> cat softlink.txt
тестовый текст

mv file.txt D1
eltex-pg1-v21@eltex-2025-summer-22:18> cat hardlink.txt
тестовый текст
eltex-pg1-v21@eltex-2025-summer-22:18> cat softlink.txt
cat: softlink.txt: No such file or directory

Работает жесткая ссылка
Так как жесткая ссылка связана с inode


find / -size +20M -exec du -h {} + > '$USER_part3_gt50M.log'

find . -type f -mtime -1
./.viminfo
./.lesshst
./.log
./$USER_part3_gt50M.log
./.bash_history
./$USER_part.log
./$USER_part3.log

which find
/usr/bin/find

file $(which find)


/usr/bin/find: ELF 64-bit LSB pie executable, x86-64, version 1 (SYSV), dynamically linked, interpreter /lib64/ld-linux-x86-64.so.2, BuildID[sha1]=5545a6c7162d325fbe5ffabcbfe4e5521b66ce70, for GNU/Linux 3.2.0, stripped

file /boot/initrd.img*
/boot/initrd.img-6.1.0-27-amd64: ASCII cpio archive (SVR4 with no CRC)
/boot/initrd.img-6.1.0-31-amd64: ASCII cpio archive (SVR4 with no CRC)
/boot/initrd.img-6.1.0-32-amd64: ASCII cpio archive (SVR4 with no CRC)

